<?xml version="1.0" encoding="UTF-8"?>
<!-- Generated by org.testng.reporters.JUnitReportReporter -->
<testsuite hostname="DESKTOP-G4VDTAR" failures="0" tests="1" name="testCase1.SampleTest" time="11.143" errors="0" timestamp="17 Jun 2021 15:58:26 GMT" skipped="0">
  <testcase classname="testCase1.SampleTest" name="testingInvestments" time="11.143"/>
</testsuite> <!-- testCase1.SampleTest -->
